Using pre-set license
Built from '2020.3/staging' branch; Version is '2020.3.6f1 (338bb68529b2) revision 3378102'; Using compiler version '192528614'; Build Type 'Release'
OS: 'Windows 10 Education; OS build 19042.985; Version 2009; 64bit' Language: 'en' Physical Memory: 32675 MB
BatchMode: 1, IsHumanControllingUs: 0, StartBugReporterOnCrash: 0, Is64bit: 1, IsPro: 0

 COMMAND LINE ARGUMENTS:
F:\Unity\2020.3.6f1\Editor\Unity.exe
-adb2
-batchMode
-noUpm
-name
AssetImportWorker0
-projectPath
E:/Unity Projects/first unity tutorial
-logFile
Logs/AssetImportWorker0.log
-srvPort
50049
Successfully changed project path to: E:/Unity Projects/first unity tutorial
E:/Unity Projects/first unity tutorial
Using Asset Import Pipeline V2.
Refreshing native plugins compatible for Editor in 20.15 ms, found 0 plugins.
Preloading 0 native plugins for Editor in 0.00 ms.
Initialize engine version: 2020.3.6f1 (338bb68529b2)
[Subsystems] Discovering subsystems at path F:/Unity/2020.3.6f1/Editor/Data/Resources/UnitySubsystems
[Subsystems] Discovering subsystems at path E:/Unity Projects/first unity tutorial/Assets
GfxDevice: creating device client; threaded=0
Direct3D:
    Version:  Direct3D 11.0 [level 11.1]
    Renderer: NVIDIA GeForce RTX 2070 SUPER (ID=0x1e84)
    Vendor:   
    VRAM:     8011 MB
    Driver:   27.21.14.5671
Initialize mono
Mono path[0] = 'F:/Unity/2020.3.6f1/Editor/Data/Managed'
Mono path[1] = 'F:/Unity/2020.3.6f1/Editor/Data/MonoBleedingEdge/lib/mono/unityjit'
Mono config path = 'F:/Unity/2020.3.6f1/Editor/Data/MonoBleedingEdge/etc'
Using monoOptions --debugger-agent=transport=dt_socket,embedding=1,server=y,suspend=n,address=127.0.0.1:56620
Begin MonoManager ReloadAssembly
Registering precompiled unity dll's ...
Register platform support module: F:/Unity/2020.3.6f1/Editor/Data/PlaybackEngines/WebGLSupport/UnityEditor.WebGL.Extensions.dll
Register platform support module: F:/Unity/2020.3.6f1/Editor/Data/PlaybackEngines/WindowsStandaloneSupport/UnityEditor.WindowsStandalone.Extensions.dll
Registered in 0.001205 seconds.
Native extension for WindowsStandalone target not found
Native extension for WebGL target not found
Refreshing native plugins compatible for Editor in 21.62 ms, found 0 plugins.
Preloading 0 native plugins for Editor in 0.00 ms.
Mono: successfully reloaded assembly
- Completed reload, in  1.093 seconds
Platform modules already initialized, skipping
Registering precompiled user dll's ...
Registered in 0.000523 seconds.
Begin MonoManager ReloadAssembly
Native extension for WindowsStandalone target not found
Native extension for WebGL target not found
Refreshing native plugins compatible for Editor in 0.26 ms, found 0 plugins.
Preloading 0 native plugins for Editor in 0.00 ms.
Mono: successfully reloaded assembly
- Completed reload, in  0.642 seconds
Platform modules already initialized, skipping
========================================================================
Worker process is ready to serve import requests
Launched and connected shader compiler UnityShaderCompiler.exe after 0.03 seconds
Refreshing native plugins compatible for Editor in 0.42 ms, found 0 plugins.
Preloading 0 native plugins for Editor in 0.00 ms.
Unloading 1142 Unused Serialized files (Serialized files now loaded: 0)
System memory in use before: 58.5 MB.
System memory in use after: 58.6 MB.

Unloading 10 unused Assets to reduce memory usage. Loaded Objects now: 1585.
Total: 2.026200 ms (FindLiveObjects: 0.237000 ms CreateObjectMapping: 0.045400 ms MarkObjects: 1.656300 ms  DeleteObjects: 0.086400 ms)

========================================================================
Received Import Request.
  path: Assets/healthbar-removebg-preview.png
  artifactKey: Guid(3ddc9e8cb42295345a4667c2b703c51a) Importer(815301076,1909f56bfc062723c751e8b465ee728b)
Start importing Assets/healthbar-removebg-preview.png using Guid(3ddc9e8cb42295345a4667c2b703c51a) Importer(815301076,1909f56bfc062723c751e8b465ee728b)  -> (artifact id: 'e1e1cc0b3ed965bd326a5808cc24444f') in 0.086641 seconds
  Import took 0.099326 seconds .

========================================================================
Received Import Request.
  Time since last request: 12.608716 seconds.
  path: Assets/healthbar-removebg-preview.png
  artifactKey: Guid(3ddc9e8cb42295345a4667c2b703c51a) Importer(815301076,1909f56bfc062723c751e8b465ee728b)
Start importing Assets/healthbar-removebg-preview.png using Guid(3ddc9e8cb42295345a4667c2b703c51a) Importer(815301076,1909f56bfc062723c751e8b465ee728b)  -> (artifact id: '65d17b2ba0ad62b305eeac378842a80b') in 0.040673 seconds
  Import took 0.042882 seconds .

AssetImportWorkerClient::OnTransportError - code=2 error=End of file
